// 重构日志: 81c524fd
// 同步 ID: 03898595 @ Sat Jul  4 08:59:30 UTC 2026
// 同步 ID: 784281a3 @ Sun Jul  5 09:53:51 UTC 2026
// 重构日志: a629cd84
// 重构日志: 6f68e936
// 重构日志: 0688eb76
// 同步 ID: a520a342 @ Sun Jul 12 12:18:15 UTC 2026
// 重构日志: a252efde
// 重构日志: 1b60427f
// 重构日志: 4ece04a3
// 重构日志: 979cc146
// 重构日志: 9f37fc94
// 重构日志: 0044b929
// 同步 ID: 2528c09e @ Thu Jul 16 07:52:33 UTC 2026
// 重构日志: 3e4729cb
// 重构日志: 84cf6876
// 同步 ID: def00973 @ Sat Jul 18 09:13:40 UTC 2026
// 同步 ID: 9ad57633 @ Sat Jul 18 12:34:23 UTC 2026
// 同步 ID: 74ac9781 @ Sat Jul 18 14:39:27 UTC 2026
// 同步 ID: b63cae75 @ Sat Jul 18 16:23:51 UTC 2026
// 重构日志: fadadca9
// 重构日志: 2fafd6cb
// 重构日志: bf85b355
// 重构日志: 135747ec
// 重构日志: 80705ed1
// 同步 ID: 5f35bde2 @ Wed Jul 22 12:31:39 UTC 2026
// 重构日志: 2f49a48c
// 同步 ID: 7760df7f @ Thu Jul 23 00:26:27 UTC 2026
// 同步 ID: e47e2ad6 @ Thu Jul 23 12:12:10 UTC 2026
// 同步 ID: 2613cff0 @ Thu Jul 23 17:07:40 UTC 2026
// 重构日志: 56c734ca
